0 info it worked if it ends with ok
1 verbose cli [ 'C:\\Program Files\\nodejs\\node.exe',
1 verbose cli   'C:\\Program Files\\nodejs\\node_modules\\npm\\bin\\npm-cli.js',
1 verbose cli   'publish' ]
2 info using npm@3.10.10
3 info using node@v7.2.1
4 verbose publish [ '.' ]
5 silly cache add args [ '.', null ]
6 verbose cache add spec .
7 silly cache add parsed spec Result {
7 silly cache add   raw: '.',
7 silly cache add   scope: null,
7 silly cache add   escapedName: null,
7 silly cache add   name: null,
7 silly cache add   rawSpec: '.',
7 silly cache add   spec: 'C:\\Github\\webcomponents',
7 silly cache add   type: 'directory' }
8 verbose addLocalDirectory C:\Users\micha\AppData\Roaming\npm-cache\webcomponents\1.0.0\package.tgz not in flight; packing
9 verbose correctMkdir C:\Users\micha\AppData\Roaming\npm-cache correctMkdir not in flight; initializing
10 info lifecycle webcomponents@1.0.0~prepublish: webcomponents@1.0.0
11 silly lifecycle webcomponents@1.0.0~prepublish: no script for prepublish, continuing
12 verbose tar pack [ 'C:\\Users\\micha\\AppData\\Roaming\\npm-cache\\webcomponents\\1.0.0\\package.tgz',
12 verbose tar pack   'C:\\Github\\webcomponents' ]
13 verbose tarball C:\Users\micha\AppData\Roaming\npm-cache\webcomponents\1.0.0\package.tgz
14 verbose folder C:\Github\webcomponents
15 verbose addLocalTarball adding from inside cache C:\Users\micha\AppData\Roaming\npm-cache\webcomponents\1.0.0\package.tgz
16 verbose correctMkdir C:\Users\micha\AppData\Roaming\npm-cache correctMkdir not in flight; initializing
17 silly cache afterAdd webcomponents@1.0.0
18 verbose afterAdd C:\Users\micha\AppData\Roaming\npm-cache\webcomponents\1.0.0\package\package.json not in flight; writing
19 verbose correctMkdir C:\Users\micha\AppData\Roaming\npm-cache correctMkdir not in flight; initializing
20 verbose afterAdd C:\Users\micha\AppData\Roaming\npm-cache\webcomponents\1.0.0\package\package.json written
21 silly publish { name: 'webcomponents',
21 silly publish   version: '1.0.0',
21 silly publish   description: 'A library of web components in Google Polymer',
21 silly publish   main: 'index.js',
21 silly publish   scripts: { test: 'echo "Error: no test specified" && exit 1' },
21 silly publish   repository:
21 silly publish    { type: 'git',
21 silly publish      url: 'git+https://github.com/michael-silva/webcomponents.git' },
21 silly publish   author: '',
21 silly publish   license: 'ISC',
21 silly publish   bugs: { url: 'https://github.com/michael-silva/webcomponents/issues' },
21 silly publish   homepage: 'https://github.com/michael-silva/webcomponents#readme',
21 silly publish   devDependencies: { 'lite-server': '^2.2.2' },
21 silly publish   readme: '# webcomponents\r\nA library of web components in Google Polymer\r\n\r\n## Roadmap\r\n- Implement datepicker with moment\r\n- Improve input mask\r\n- Increment styles of components\r\n- Review and test all components',
21 silly publish   readmeFilename: 'README.md',
21 silly publish   gitHead: 'fbbccafadb3304a1cd2f42d831ad03e9fb3c34f4',
21 silly publish   _id: 'webcomponents@1.0.0',
21 silly publish   _shasum: 'd93a1fe9278bef0e470b5a45f5bdb811c492cbde',
21 silly publish   _from: '.' }
22 verbose getPublishConfig undefined
23 silly mapToRegistry name webcomponents
24 silly mapToRegistry using default registry
25 silly mapToRegistry registry https://registry.npmjs.org/
26 silly mapToRegistry data Result {
26 silly mapToRegistry   raw: 'webcomponents',
26 silly mapToRegistry   scope: null,
26 silly mapToRegistry   escapedName: 'webcomponents',
26 silly mapToRegistry   name: 'webcomponents',
26 silly mapToRegistry   rawSpec: '',
26 silly mapToRegistry   spec: 'latest',
26 silly mapToRegistry   type: 'tag' }
27 silly mapToRegistry uri https://registry.npmjs.org/webcomponents
28 verbose publish registryBase https://registry.npmjs.org/
29 silly publish uploading C:\Users\micha\AppData\Roaming\npm-cache\webcomponents\1.0.0\package.tgz
30 verbose request uri https://registry.npmjs.org/webcomponents
31 verbose request sending authorization for write operation
32 info attempt registry request try #1 at 22:36:43
33 verbose request using bearer token for auth
34 verbose request id ced8ed1470cf4d56
35 http request PUT https://registry.npmjs.org/webcomponents
36 http 403 https://registry.npmjs.org/webcomponents
37 verbose headers { 'content-type': 'application/json',
37 verbose headers   'cache-control': 'max-age=300',
37 verbose headers   'content-length': '107',
37 verbose headers   'accept-ranges': 'bytes',
37 verbose headers   date: 'Fri, 03 Mar 2017 01:36:43 GMT',
37 verbose headers   via: '1.1 varnish',
37 verbose headers   connection: 'keep-alive',
37 verbose headers   'x-served-by': 'cache-gru7127-GRU',
37 verbose headers   'x-cache': 'MISS',
37 verbose headers   'x-cache-hits': '0',
37 verbose headers   'x-timer': 'S1488505002.534324,VS0,VE766',
37 verbose headers   vary: 'Accept-Encoding' }
38 verbose request invalidating C:\Users\micha\AppData\Roaming\npm-cache\registry.npmjs.org\webcomponents on PUT
39 error publish Failed PUT 403
40 verbose stack Error: you do not have permission to publish "webcomponents". Are you logged in as the correct user? : webcomponents
40 verbose stack     at makeError (C:\Program Files\nodejs\node_modules\npm\node_modules\npm-registry-client\lib\request.js:302:12)
40 verbose stack     at CachingRegistryClient.<anonymous> (C:\Program Files\nodejs\node_modules\npm\node_modules\npm-registry-client\lib\request.js:290:14)
40 verbose stack     at Request._callback (C:\Program Files\nodejs\node_modules\npm\node_modules\npm-registry-client\lib\request.js:210:14)
40 verbose stack     at Request.self.callback (C:\Program Files\nodejs\node_modules\npm\node_modules\request\request.js:187:22)
40 verbose stack     at emitTwo (events.js:106:13)
40 verbose stack     at Request.emit (events.js:191:7)
40 verbose stack     at Request.<anonymous> (C:\Program Files\nodejs\node_modules\npm\node_modules\request\request.js:1048:10)
40 verbose stack     at emitOne (events.js:96:13)
40 verbose stack     at Request.emit (events.js:188:7)
40 verbose stack     at IncomingMessage.<anonymous> (C:\Program Files\nodejs\node_modules\npm\node_modules\request\request.js:969:12)
41 verbose statusCode 403
42 verbose pkgid webcomponents
43 verbose cwd C:\Github\webcomponents
44 error Windows_NT 10.0.14393
45 error argv "C:\\Program Files\\nodejs\\node.exe" "C:\\Program Files\\nodejs\\node_modules\\npm\\bin\\npm-cli.js" "publish"
46 error node v7.2.1
47 error npm  v3.10.10
48 error code E403
49 error you do not have permission to publish "webcomponents". Are you logged in as the correct user? : webcomponents
50 error If you need help, you may report this error at:
50 error     <https://github.com/npm/npm/issues>
51 verbose exit [ 1, true ]
